app/build/intermediates/manifest_merge_blame_file/debug/manifest-merger-blame-debug-report.txt
1<?xml version="1.0" encoding="utf-8"?>
2<manifest xmlns:android="http://schemas.android.com/apk/res/android"
3    package="com.gabon.gabchat"
4    android:versionCode="1"
5    android:versionName="1.0" >
6
7    <uses-sdk
8        android:minSdkVersion="26"
9        android:targetSdkVersion="34" />
10
11    <!-- Permissions -->
12    <uses-permission android:name="android.permission.INTERNET" />
12-->src\main\AndroidManifest.xml:6:5-67
12-->src\main\AndroidManifest.xml:6:22-64
13    <uses-permission android:name="android.permission.ACCESS_NETWORK_STATE" />
13-->src\main\AndroidManifest.xml:7:5-79
13-->src\main\AndroidManifest.xml:7:22-76
14    <uses-permission android:name="android.permission.READ_EXTERNAL_STORAGE" />
14-->src\main\AndroidManifest.xml:8:5-80
14-->src\main\AndroidManifest.xml:8:22-77
15    <uses-permission
15-->src\main\AndroidManifest.xml:9:5-10:38
16        android:name="android.permission.WRITE_EXTERNAL_STORAGE"
16-->src\main\AndroidManifest.xml:9:22-78
17        android:maxSdkVersion="28" />
17-->src\main\AndroidManifest.xml:10:9-35
18    <uses-permission android:name="android.permission.CAMERA" />
18-->src\main\AndroidManifest.xml:11:5-65
18-->src\main\AndroidManifest.xml:11:22-62
19    <uses-permission android:name="android.permission.RECORD_AUDIO" />
19-->src\main\AndroidManifest.xml:12:5-71
19-->src\main\AndroidManifest.xml:12:22-68
20    <uses-permission android:name="android.permission.READ_CONTACTS" />
20-->src\main\AndroidManifest.xml:13:5-72
20-->src\main\AndroidManifest.xml:13:22-69
21    <uses-permission android:name="android.permission.VIBRATE" />
21-->src\main\AndroidManifest.xml:14:5-66
21-->src\main\AndroidManifest.xml:14:22-63
22    <uses-permission android:name="android.permission.RECEIVE_BOOT_COMPLETED" />
22-->src\main\AndroidManifest.xml:15:5-81
22-->src\main\AndroidManifest.xml:15:22-78
23    <uses-permission android:name="android.permission.USE_BIOMETRIC" />
23-->src\main\AndroidManifest.xml:16:5-72
23-->src\main\AndroidManifest.xml:16:22-69
24    <uses-permission android:name="android.permission.READ_MEDIA_IMAGES" />
24-->src\main\AndroidManifest.xml:17:5-76
24-->src\main\AndroidManifest.xml:17:22-73
25    <uses-permission android:name="android.permission.READ_MEDIA_VIDEO" />
25-->src\main\AndroidManifest.xml:18:5-75
25-->src\main\AndroidManifest.xml:18:22-72
26    <uses-permission android:name="android.permission.READ_MEDIA_AUDIO" />
26-->src\main\AndroidManifest.xml:19:5-75
26-->src\main\AndroidManifest.xml:19:22-72
27    <uses-permission android:name="android.permission.POST_NOTIFICATIONS" />
27-->src\main\AndroidManifest.xml:20:5-77
27-->src\main\AndroidManifest.xml:20:22-74
28
29    <uses-feature
29-->src\main\AndroidManifest.xml:22:5-85
30        android:name="android.hardware.camera"
30-->src\main\AndroidManifest.xml:22:19-57
31        android:required="false" />
31-->src\main\AndroidManifest.xml:22:58-82
32    <uses-feature
32-->src\main\AndroidManifest.xml:23:5-89
33        android:name="android.hardware.microphone"
33-->src\main\AndroidManifest.xml:23:19-61
34        android:required="false" />
34-->src\main\AndroidManifest.xml:23:62-86
35
36    <uses-permission android:name="android.permission.WAKE_LOCK" /> <!-- Required by older versions of Google Play services to create IID tokens -->
36-->[com.google.firebase:firebase-messaging:25.0.1] AndroidManifest.xml:24:5-68
36-->[com.google.firebase:firebase-messaging:25.0.1] AndroidManifest.xml:24:22-65
37    <uses-permission android:name="com.google.android.c2dm.permission.RECEIVE" />
37-->[com.google.firebase:firebase-messaging:25.0.1] AndroidManifest.xml:26:5-82
37-->[com.google.firebase:firebase-messaging:25.0.1] AndroidManifest.xml:26:22-79
38    <uses-permission android:name="com.google.android.finsky.permission.BIND_GET_INSTALL_REFERRER_SERVICE" />
38-->[com.google.android.gms:play-services-measurement:23.2.0] AndroidManifest.xml:26:5-110
38-->[com.google.android.gms:play-services-measurement:23.2.0] AndroidManifest.xml:26:22-107
39    <uses-permission android:name="com.google.android.gms.permission.AD_ID" />
39-->[com.google.android.gms:play-services-measurement-api:23.2.0] AndroidManifest.xml:25:5-79
39-->[com.google.android.gms:play-services-measurement-api:23.2.0] AndroidManifest.xml:25:22-76
40    <uses-permission android:name="android.permission.ACCESS_ADSERVICES_ATTRIBUTION" />
40-->[com.google.android.gms:play-services-measurement-api:23.2.0] AndroidManifest.xml:26:5-88
40-->[com.google.android.gms:play-services-measurement-api:23.2.0] AndroidManifest.xml:26:22-85
41    <uses-permission android:name="android.permission.ACCESS_ADSERVICES_AD_ID" />
41-->[com.google.android.gms:play-services-measurement-api:23.2.0] AndroidManifest.xml:27:5-82
41-->[com.google.android.gms:play-services-measurement-api:23.2.0] AndroidManifest.xml:27:22-79
42    <uses-permission android:name="com.google.android.providers.gsf.permission.READ_GSERVICES" />
42-->[com.google.android.recaptcha:recaptcha:18.6.1] AndroidManifest.xml:9:5-98
42-->[com.google.android.recaptcha:recaptcha:18.6.1] AndroidManifest.xml:9:22-95
43
44    <permission
44-->[androidx.core:core:1.9.0] AndroidManifest.xml:22:5-24:47
45        android:name="com.gabon.gabchat.DYNAMIC_RECEIVER_NOT_EXPORTED_PERMISSION"
45-->[androidx.core:core:1.9.0] AndroidManifest.xml:23:9-81
46        android:protectionLevel="signature" />
46-->[androidx.core:core:1.9.0] AndroidManifest.xml:24:9-44
47
48    <uses-permission android:name="com.gabon.gabchat.DYNAMIC_RECEIVER_NOT_EXPORTED_PERMISSION" />
48-->[androidx.core:core:1.9.0] AndroidManifest.xml:26:5-97
48-->[androidx.core:core:1.9.0] AndroidManifest.xml:26:22-94
49
50    <application
50-->src\main\AndroidManifest.xml:25:5-128:19
51        android:name="com.gabon.gabchat.GabChatApp"
51-->src\main\AndroidManifest.xml:34:9-35
52        android:allowBackup="true"
52-->src\main\AndroidManifest.xml:26:9-35
53        android:appComponentFactory="androidx.core.app.CoreComponentFactory"
53-->[androidx.core:core:1.9.0] AndroidManifest.xml:28:18-86
54        android:dataExtractionRules="@xml/data_extraction_rules"
54-->src\main\AndroidManifest.xml:27:9-65
55        android:debuggable="true"
56        android:extractNativeLibs="false"
57        android:fullBackupContent="@xml/backup_rules"
57-->src\main\AndroidManifest.xml:28:9-54
58        android:icon="@mipmap/ic_launcher"
58-->src\main\AndroidManifest.xml:29:9-43
59        android:label="@string/app_name"
59-->src\main\AndroidManifest.xml:30:9-41
60        android:roundIcon="@mipmap/ic_launcher_round"
60-->src\main\AndroidManifest.xml:31:9-54
61        android:supportsRtl="true"
61-->src\main\AndroidManifest.xml:32:9-35
62        android:testOnly="true"
63        android:theme="@style/Theme.GabChat" >
63-->src\main\AndroidManifest.xml:33:9-45
64
65        <!-- Splash Screen -->
66        <activity
66-->src\main\AndroidManifest.xml:38:9-47:20
67            android:name="com.gabon.gabchat.activities.SplashActivity"
67-->src\main\AndroidManifest.xml:39:13-54
68            android:exported="true"
68-->src\main\AndroidManifest.xml:40:13-36
69            android:screenOrientation="portrait"
69-->src\main\AndroidManifest.xml:42:13-49
70            android:theme="@style/Theme.GabChat.Splash" >
70-->src\main\AndroidManifest.xml:41:13-56
71            <intent-filter>
71-->src\main\AndroidManifest.xml:43:13-46:29
72                <action android:name="android.intent.action.MAIN" />
72-->src\main\AndroidManifest.xml:44:17-69
72-->src\main\AndroidManifest.xml:44:25-66
73
74                <category android:name="android.intent.category.LAUNCHER" />
74-->src\main\AndroidManifest.xml:45:17-77
74-->src\main\AndroidManifest.xml:45:27-74
75            </intent-filter>
76        </activity>
77
78        <!-- Auth Activities -->
79        <activity
79-->src\main\AndroidManifest.xml:50:9-53:58
80            android:name="com.gabon.gabchat.activities.LoginActivity"
80-->src\main\AndroidManifest.xml:50:19-59
81            android:exported="false"
81-->src\main\AndroidManifest.xml:51:13-37
82            android:screenOrientation="portrait"
82-->src\main\AndroidManifest.xml:52:13-49
83            android:windowSoftInputMode="adjustResize" />
83-->src\main\AndroidManifest.xml:53:13-55
84        <activity
84-->src\main\AndroidManifest.xml:54:9-57:58
85            android:name="com.gabon.gabchat.activities.RegisterActivity"
85-->src\main\AndroidManifest.xml:54:19-62
86            android:exported="false"
86-->src\main\AndroidManifest.xml:55:13-37
87            android:screenOrientation="portrait"
87-->src\main\AndroidManifest.xml:56:13-49
88            android:windowSoftInputMode="adjustResize" />
88-->src\main\AndroidManifest.xml:57:13-55
89        <activity
89-->src\main\AndroidManifest.xml:58:9-61:58
90            android:name="com.gabon.gabchat.activities.PhoneAuthActivity"
90-->src\main\AndroidManifest.xml:58:19-63
91            android:exported="false"
91-->src\main\AndroidManifest.xml:59:13-37
92            android:screenOrientation="portrait"
92-->src\main\AndroidManifest.xml:60:13-49
93            android:windowSoftInputMode="adjustResize" />
93-->src\main\AndroidManifest.xml:61:13-55
94        <activity
94-->src\main\AndroidManifest.xml:62:9-65:58
95            android:name="com.gabon.gabchat.activities.OtpVerificationActivity"
95-->src\main\AndroidManifest.xml:62:19-69
96            android:exported="false"
96-->src\main\AndroidManifest.xml:63:13-37
97            android:screenOrientation="portrait"
97-->src\main\AndroidManifest.xml:64:13-49
98            android:windowSoftInputMode="adjustResize" />
98-->src\main\AndroidManifest.xml:65:13-55
99
100        <!-- Main Activities -->
101        <activity
101-->src\main\AndroidManifest.xml:68:9-71:58
102            android:name="com.gabon.gabchat.activities.MainActivity"
102-->src\main\AndroidManifest.xml:68:19-58
103            android:exported="false"
103-->src\main\AndroidManifest.xml:69:13-37
104            android:screenOrientation="portrait"
104-->src\main\AndroidManifest.xml:70:13-49
105            android:windowSoftInputMode="adjustResize" />
105-->src\main\AndroidManifest.xml:71:13-55
106        <activity
106-->src\main\AndroidManifest.xml:72:9-76:69
107            android:name="com.gabon.gabchat.activities.ChatActivity"
107-->src\main\AndroidManifest.xml:72:19-58
108            android:exported="false"
108-->src\main\AndroidManifest.xml:73:13-37
109            android:parentActivityName="com.gabon.gabchat.activities.MainActivity"
109-->src\main\AndroidManifest.xml:76:13-66
110            android:screenOrientation="portrait"
110-->src\main\AndroidManifest.xml:74:13-49
111            android:windowSoftInputMode="adjustResize" />
111-->src\main\AndroidManifest.xml:75:13-55
112        <activity
112-->src\main\AndroidManifest.xml:77:9-81:69
113            android:name="com.gabon.gabchat.activities.GroupChatActivity"
113-->src\main\AndroidManifest.xml:77:19-63
114            android:exported="false"
114-->src\main\AndroidManifest.xml:78:13-37
115            android:parentActivityName="com.gabon.gabchat.activities.MainActivity"
115-->src\main\AndroidManifest.xml:81:13-66
116            android:screenOrientation="portrait"
116-->src\main\AndroidManifest.xml:79:13-49
117            android:windowSoftInputMode="adjustResize" />
117-->src\main\AndroidManifest.xml:80:13-55
118        <activity
118-->src\main\AndroidManifest.xml:82:9-85:69
119            android:name="com.gabon.gabchat.activities.ProfileActivity"
119-->src\main\AndroidManifest.xml:82:19-61
120            android:exported="false"
120-->src\main\AndroidManifest.xml:83:13-37
121            android:parentActivityName="com.gabon.gabchat.activities.MainActivity"
121-->src\main\AndroidManifest.xml:85:13-66
122            android:screenOrientation="portrait" />
122-->src\main\AndroidManifest.xml:84:13-49
123        <activity
123-->src\main\AndroidManifest.xml:86:9-89:58
124            android:name="com.gabon.gabchat.activities.EditProfileActivity"
124-->src\main\AndroidManifest.xml:86:19-65
125            android:exported="false"
125-->src\main\AndroidManifest.xml:87:13-37
126            android:screenOrientation="portrait"
126-->src\main\AndroidManifest.xml:88:13-49
127            android:windowSoftInputMode="adjustResize" />
127-->src\main\AndroidManifest.xml:89:13-55
128        <activity
128-->src\main\AndroidManifest.xml:90:9-93:69
129            android:name="com.gabon.gabchat.activities.SettingsActivity"
129-->src\main\AndroidManifest.xml:90:19-62
130            android:exported="false"
130-->src\main\AndroidManifest.xml:91:13-37
131            android:parentActivityName="com.gabon.gabchat.activities.MainActivity"
131-->src\main\AndroidManifest.xml:93:13-66
132            android:screenOrientation="portrait" />
132-->src\main\AndroidManifest.xml:92:13-49
133        <activity
133-->src\main\AndroidManifest.xml:94:9-96:52
134            android:name="com.gabon.gabchat.activities.NewConversationActivity"
134-->src\main\AndroidManifest.xml:94:19-69
135            android:exported="false"
135-->src\main\AndroidManifest.xml:95:13-37
136            android:screenOrientation="portrait" />
136-->src\main\AndroidManifest.xml:96:13-49
137        <activity
137-->src\main\AndroidManifest.xml:97:9-99:52
138            android:name="com.gabon.gabchat.activities.CreateGroupActivity"
138-->src\main\AndroidManifest.xml:97:19-65
139            android:exported="false"
139-->src\main\AndroidManifest.xml:98:13-37
140            android:screenOrientation="portrait" />
140-->src\main\AndroidManifest.xml:99:13-49
141        <activity
141-->src\main\AndroidManifest.xml:100:9-104:43
142            android:name="com.gabon.gabchat.activities.CallActivity"
142-->src\main\AndroidManifest.xml:100:19-58
143            android:exported="false"
143-->src\main\AndroidManifest.xml:101:13-37
144            android:screenOrientation="portrait"
144-->src\main\AndroidManifest.xml:102:13-49
145            android:showOnLockScreen="true"
145-->src\main\AndroidManifest.xml:103:13-44
146            android:turnScreenOn="true" />
146-->src\main\AndroidManifest.xml:104:13-40
147        <activity
147-->src\main\AndroidManifest.xml:105:9-107:52
148            android:name="com.gabon.gabchat.activities.MediaViewerActivity"
148-->src\main\AndroidManifest.xml:105:19-65
149            android:exported="false"
149-->src\main\AndroidManifest.xml:106:13-37
150            android:screenOrientation="portrait" />
150-->src\main\AndroidManifest.xml:107:13-49
151
152        <!-- Firebase Messaging Service -->
153        <service
153-->src\main\AndroidManifest.xml:110:9-115:19
154            android:name="com.gabon.gabchat.utils.GabChatFirebaseMessagingService"
154-->src\main\AndroidManifest.xml:110:18-71
155            android:exported="false" >
155-->src\main\AndroidManifest.xml:111:13-37
156            <intent-filter>
156-->src\main\AndroidManifest.xml:112:13-114:29
157                <action android:name="com.google.firebase.MESSAGING_EVENT" />
157-->src\main\AndroidManifest.xml:113:17-78
157-->src\main\AndroidManifest.xml:113:25-75
158            </intent-filter>
159        </service>
160
161        <!-- File Provider for sharing -->
162        <provider
163            android:name="androidx.core.content.FileProvider"
163-->src\main\AndroidManifest.xml:119:13-62
164            android:authorities="com.gabon.gabchat.fileprovider"
164-->src\main\AndroidManifest.xml:120:13-64
165            android:exported="false"
165-->src\main\AndroidManifest.xml:121:13-37
166            android:grantUriPermissions="true" >
166-->src\main\AndroidManifest.xml:122:13-47
167            <meta-data
167-->src\main\AndroidManifest.xml:123:13-125:54
168                android:name="android.support.FILE_PROVIDER_PATHS"
168-->src\main\AndroidManifest.xml:124:17-67
169                android:resource="@xml/file_paths" />
169-->src\main\AndroidManifest.xml:125:17-51
170        </provider>
171
172        <activity
172-->[com.google.firebase:firebase-auth:24.0.1] AndroidManifest.xml:29:9-46:20
173            android:name="com.google.firebase.auth.internal.GenericIdpActivity"
173-->[com.google.firebase:firebase-auth:24.0.1] AndroidManifest.xml:30:13-80
174            android:excludeFromRecents="true"
174-->[com.google.firebase:firebase-auth:24.0.1] AndroidManifest.xml:31:13-46
175            android:exported="true"
175-->[com.google.firebase:firebase-auth:24.0.1] AndroidManifest.xml:32:13-36
176            android:launchMode="singleTask"
176-->[com.google.firebase:firebase-auth:24.0.1] AndroidManifest.xml:33:13-44
177            android:theme="@android:style/Theme.Translucent.NoTitleBar" >
177-->[com.google.firebase:firebase-auth:24.0.1] AndroidManifest.xml:34:13-72
178            <intent-filter>
178-->[com.google.firebase:firebase-auth:24.0.1] AndroidManifest.xml:35:13-45:29
179                <action android:name="android.intent.action.VIEW" />
179-->[com.google.firebase:firebase-auth:24.0.1] AndroidManifest.xml:36:17-69
179-->[com.google.firebase:firebase-auth:24.0.1] AndroidManifest.xml:36:25-66
180
181                <category android:name="android.intent.category.DEFAULT" />
181-->[com.google.firebase:firebase-auth:24.0.1] AndroidManifest.xml:38:17-76
181-->[com.google.firebase:firebase-auth:24.0.1] AndroidManifest.xml:38:27-73
182                <category android:name="android.intent.category.BROWSABLE" />
182-->[com.google.firebase:firebase-auth:24.0.1] AndroidManifest.xml:39:17-78
182-->[com.google.firebase:firebase-auth:24.0.1] AndroidManifest.xml:39:27-75
183
184                <data
184-->[com.google.firebase:firebase-auth:24.0.1] AndroidManifest.xml:41:17-44:51
185                    android:host="firebase.auth"
185-->[com.google.firebase:firebase-auth:24.0.1] AndroidManifest.xml:42:21-49
186                    android:path="/"
186-->[com.google.firebase:firebase-auth:24.0.1] AndroidManifest.xml:43:21-37
187                    android:scheme="genericidp" />
187-->[com.google.firebase:firebase-auth:24.0.1] AndroidManifest.xml:44:21-48
188            </intent-filter>
189        </activity>
190        <activity
190-->[com.google.firebase:firebase-auth:24.0.1] AndroidManifest.xml:47:9-64:20
191            android:name="com.google.firebase.auth.internal.RecaptchaActivity"
191-->[com.google.firebase:firebase-auth:24.0.1] AndroidManifest.xml:48:13-79
192            android:excludeFromRecents="true"
192-->[com.google.firebase:firebase-auth:24.0.1] AndroidManifest.xml:49:13-46
193            android:exported="true"
193-->[com.google.firebase:firebase-auth:24.0.1] AndroidManifest.xml:50:13-36
194            android:launchMode="singleTask"
194-->[com.google.firebase:firebase-auth:24.0.1] AndroidManifest.xml:51:13-44
195            android:theme="@android:style/Theme.Translucent.NoTitleBar" >
195-->[com.google.firebase:firebase-auth:24.0.1] AndroidManifest.xml:52:13-72
196            <intent-filter>
196-->[com.google.firebase:firebase-auth:24.0.1] AndroidManifest.xml:53:13-63:29
197                <action android:name="android.intent.action.VIEW" />
197-->[com.google.firebase:firebase-auth:24.0.1] AndroidManifest.xml:36:17-69
197-->[com.google.firebase:firebase-auth:24.0.1] AndroidManifest.xml:36:25-66
198
199                <category android:name="android.intent.category.DEFAULT" />
199-->[com.google.firebase:firebase-auth:24.0.1] AndroidManifest.xml:38:17-76
199-->[com.google.firebase:firebase-auth:24.0.1] AndroidManifest.xml:38:27-73
200                <category android:name="android.intent.category.BROWSABLE" />
200-->[com.google.firebase:firebase-auth:24.0.1] AndroidManifest.xml:39:17-78
200-->[com.google.firebase:firebase-auth:24.0.1] AndroidManifest.xml:39:27-75
201
202                <data
202-->[com.google.firebase:firebase-auth:24.0.1] AndroidManifest.xml:41:17-44:51
203                    android:host="firebase.auth"
203-->[com.google.firebase:firebase-auth:24.0.1] AndroidManifest.xml:42:21-49
204                    android:path="/"
204-->[com.google.firebase:firebase-auth:24.0.1] AndroidManifest.xml:43:21-37
205                    android:scheme="recaptcha" />
205-->[com.google.firebase:firebase-auth:24.0.1] AndroidManifest.xml:44:21-48
206            </intent-filter>
207        </activity>
208
209        <service
209-->[com.google.firebase:firebase-auth:24.0.1] AndroidManifest.xml:66:9-72:19
210            android:name="com.google.firebase.components.ComponentDiscoveryService"
210-->[com.google.firebase:firebase-auth:24.0.1] AndroidManifest.xml:67:13-84
211            android:directBootAware="true"
211-->[com.google.firebase:firebase-common:22.0.1] AndroidManifest.xml:32:13-43
212            android:exported="false" >
212-->[com.google.firebase:firebase-auth:24.0.1] AndroidManifest.xml:68:13-37
213            <meta-data
213-->[com.google.firebase:firebase-auth:24.0.1] AndroidManifest.xml:69:13-71:85
214                android:name="com.google.firebase.components:com.google.firebase.auth.FirebaseAuthRegistrar"
214-->[com.google.firebase:firebase-auth:24.0.1] AndroidManifest.xml:70:17-109
215                android:value="com.google.firebase.components.ComponentRegistrar" />
215-->[com.google.firebase:firebase-auth:24.0.1] AndroidManifest.xml:71:17-82
216            <meta-data
216-->[com.google.firebase:firebase-database:22.0.1] AndroidManifest.xml:29:13-31:85
217                android:name="com.google.firebase.components:com.google.firebase.database.FirebaseDatabaseKtxRegistrar"
217-->[com.google.firebase:firebase-database:22.0.1] AndroidManifest.xml:30:17-120
218                android:value="com.google.firebase.components.ComponentRegistrar" />
218-->[com.google.firebase:firebase-database:22.0.1] AndroidManifest.xml:31:17-82
219            <meta-data
219-->[com.google.firebase:firebase-database:22.0.1] AndroidManifest.xml:32:13-34:85
220                android:name="com.google.firebase.components:com.google.firebase.database.DatabaseRegistrar"
220-->[com.google.firebase:firebase-database:22.0.1] AndroidManifest.xml:33:17-109
221                android:value="com.google.firebase.components.ComponentRegistrar" />
221-->[com.google.firebase:firebase-database:22.0.1] AndroidManifest.xml:34:17-82
222            <meta-data
222-->[com.google.firebase:firebase-storage:22.0.1] AndroidManifest.xml:30:13-32:85
223                android:name="com.google.firebase.components:com.google.firebase.storage.FirebaseStorageKtxRegistrar"
223-->[com.google.firebase:firebase-storage:22.0.1] AndroidManifest.xml:31:17-118
224                android:value="com.google.firebase.components.ComponentRegistrar" />
224-->[com.google.firebase:firebase-storage:22.0.1] AndroidManifest.xml:32:17-82
225            <meta-data
225-->[com.google.firebase:firebase-storage:22.0.1] AndroidManifest.xml:33:13-35:85
226                android:name="com.google.firebase.components:com.google.firebase.storage.StorageRegistrar"
226-->[com.google.firebase:firebase-storage:22.0.1] AndroidManifest.xml:34:17-107
227                android:value="com.google.firebase.components.ComponentRegistrar" />
227-->[com.google.firebase:firebase-storage:22.0.1] AndroidManifest.xml:35:17-82
228            <meta-data
228-->[com.google.firebase:firebase-messaging:25.0.1] AndroidManifest.xml:57:13-59:85
229                android:name="com.google.firebase.components:com.google.firebase.messaging.FirebaseMessagingKtxRegistrar"
229-->[com.google.firebase:firebase-messaging:25.0.1] AndroidManifest.xml:58:17-122
230                android:value="com.google.firebase.components.ComponentRegistrar" />
230-->[com.google.firebase:firebase-messaging:25.0.1] AndroidManifest.xml:59:17-82
231            <meta-data
231-->[com.google.firebase:firebase-messaging:25.0.1] AndroidManifest.xml:60:13-62:85
232                android:name="com.google.firebase.components:com.google.firebase.messaging.FirebaseMessagingRegistrar"
232-->[com.google.firebase:firebase-messaging:25.0.1] AndroidManifest.xml:61:17-119
233                android:value="com.google.firebase.components.ComponentRegistrar" />
233-->[com.google.firebase:firebase-messaging:25.0.1] AndroidManifest.xml:62:17-82
234            <meta-data
234-->[com.google.android.gms:play-services-measurement-api:23.2.0] AndroidManifest.xml:33:13-35:85
235                android:name="com.google.firebase.components:com.google.firebase.analytics.connector.internal.AnalyticsConnectorRegistrar"
235-->[com.google.android.gms:play-services-measurement-api:23.2.0] AndroidManifest.xml:34:17-139
236                android:value="com.google.firebase.components.ComponentRegistrar" />
236-->[com.google.android.gms:play-services-measurement-api:23.2.0] AndroidManifest.xml:35:17-82
237            <meta-data
237-->[com.google.firebase:firebase-installations:19.1.0] AndroidManifest.xml:15:13-17:85
238                android:name="com.google.firebase.components:com.google.firebase.installations.FirebaseInstallationsKtxRegistrar"
238-->[com.google.firebase:firebase-installations:19.1.0] AndroidManifest.xml:16:17-130
239                android:value="com.google.firebase.components.ComponentRegistrar" />
239-->[com.google.firebase:firebase-installations:19.1.0] AndroidManifest.xml:17:17-82
240            <meta-data
240-->[com.google.firebase:firebase-installations:19.1.0] AndroidManifest.xml:18:13-20:85
241                android:name="com.google.firebase.components:com.google.firebase.installations.FirebaseInstallationsRegistrar"
241-->[com.google.firebase:firebase-installations:19.1.0] AndroidManifest.xml:19:17-127
242                android:value="com.google.firebase.components.ComponentRegistrar" />
242-->[com.google.firebase:firebase-installations:19.1.0] AndroidManifest.xml:20:17-82
243            <meta-data
243-->[com.google.firebase:firebase-common:22.0.1] AndroidManifest.xml:35:13-37:85
244                android:name="com.google.firebase.components:com.google.firebase.FirebaseCommonKtxRegistrar"
244-->[com.google.firebase:firebase-common:22.0.1] AndroidManifest.xml:36:17-109
245                android:value="com.google.firebase.components.ComponentRegistrar" />
245-->[com.google.firebase:firebase-common:22.0.1] AndroidManifest.xml:37:17-82
246            <meta-data
246-->[com.google.firebase:firebase-appcheck:19.0.2] AndroidManifest.xml:25:13-27:85
247                android:name="com.google.firebase.components:com.google.firebase.appcheck.FirebaseAppCheckKtxRegistrar"
247-->[com.google.firebase:firebase-appcheck:19.0.2] AndroidManifest.xml:26:17-120
248                android:value="com.google.firebase.components.ComponentRegistrar" />
248-->[com.google.firebase:firebase-appcheck:19.0.2] AndroidManifest.xml:27:17-82
249            <meta-data
249-->[com.google.firebase:firebase-appcheck:19.0.2] AndroidManifest.xml:28:13-30:85
250                android:name="com.google.firebase.components:com.google.firebase.appcheck.FirebaseAppCheckRegistrar"
250-->[com.google.firebase:firebase-appcheck:19.0.2] AndroidManifest.xml:29:17-117
251                android:value="com.google.firebase.components.ComponentRegistrar" />
251-->[com.google.firebase:firebase-appcheck:19.0.2] AndroidManifest.xml:30:17-82
252            <meta-data
252-->[com.google.firebase:firebase-datatransport:18.2.0] AndroidManifest.xml:25:13-27:85
253                android:name="com.google.firebase.components:com.google.firebase.datatransport.TransportRegistrar"
253-->[com.google.firebase:firebase-datatransport:18.2.0] AndroidManifest.xml:26:17-115
254                android:value="com.google.firebase.components.ComponentRegistrar" />
254-->[com.google.firebase:firebase-datatransport:18.2.0] AndroidManifest.xml:27:17-82
255        </service>
256
257        <receiver
257-->[com.google.firebase:firebase-messaging:25.0.1] AndroidManifest.xml:29:9-40:20
258            android:name="com.google.firebase.iid.FirebaseInstanceIdReceiver"
258-->[com.google.firebase:firebase-messaging:25.0.1] AndroidManifest.xml:30:13-78
259            android:exported="true"
259-->[com.google.firebase:firebase-messaging:25.0.1] AndroidManifest.xml:31:13-36
260            android:permission="com.google.android.c2dm.permission.SEND" >
260-->[com.google.firebase:firebase-messaging:25.0.1] AndroidManifest.xml:32:13-73
261            <intent-filter>
261-->[com.google.firebase:firebase-messaging:25.0.1] AndroidManifest.xml:33:13-35:29
262                <action android:name="com.google.android.c2dm.intent.RECEIVE" />
262-->[com.google.firebase:firebase-messaging:25.0.1] AndroidManifest.xml:34:17-81
262-->[com.google.firebase:firebase-messaging:25.0.1] AndroidManifest.xml:34:25-78
263            </intent-filter>
264
265            <meta-data
265-->[com.google.firebase:firebase-messaging:25.0.1] AndroidManifest.xml:37:13-39:40
266                android:name="com.google.android.gms.cloudmessaging.FINISHED_AFTER_HANDLED"
266-->[com.google.firebase:firebase-messaging:25.0.1] AndroidManifest.xml:38:17-92
267                android:value="true" />
267-->[com.google.firebase:firebase-messaging:25.0.1] AndroidManifest.xml:39:17-37
268        </receiver>
269        <!--
270             FirebaseMessagingService performs security checks at runtime,
271             but set to not exported to explicitly avoid allowing another app to call it.
272        -->
273        <service
273-->[com.google.firebase:firebase-messaging:25.0.1] AndroidManifest.xml:46:9-53:19
274            android:name="com.google.firebase.messaging.FirebaseMessagingService"
274-->[com.google.firebase:firebase-messaging:25.0.1] AndroidManifest.xml:47:13-82
275            android:directBootAware="true"
275-->[com.google.firebase:firebase-messaging:25.0.1] AndroidManifest.xml:48:13-43
276            android:exported="false" >
276-->[com.google.firebase:firebase-messaging:25.0.1] AndroidManifest.xml:49:13-37
277            <intent-filter android:priority="-500" >
277-->src\main\AndroidManifest.xml:112:13-114:29
278                <action android:name="com.google.firebase.MESSAGING_EVENT" />
278-->src\main\AndroidManifest.xml:113:17-78